<?xml version="1.0" encoding="UTF-8"?>
<!-- Generated by org.testng.reporters.JUnitXMLReporter -->
<testsuite ignored="0" hostname="DESKTOP-0OM6LBG" failures="1" tests="1" name="Default test" time="1.722" errors="0" timestamp="2024-03-15T23:07:57 IST">
  <testcase classname="io.cucumber.testng.AbstractTestNGCucumberTests" name="runScenario" time="0.199">
    <failure type="java.lang.NullPointerException" message="Cannot invoke &amp;quot;Shopping.Website.PageObject.LoginPage.LoginApplication(String, String)&amp;quot; because &amp;quot;this.LoginPage&amp;quot; is null">
      <![CDATA[java.lang.NullPointerException: Cannot invoke "Shopping.Website.PageObject.LoginPage.LoginApplication(String, String)" because "this.LoginPage" is null
at StepDefination.StepDefinationImp.logged_in_with_username_and_password(StepDefinationImp.java:31)
at ✽.logged in with username anshika@gmail.com and password Iamking@000(file:///C:/Users/Hp/eclipse-workspace/Website/src/test/java/cucumber/submtOrder.feature:10)
]]>
    </failure>
  </testcase> <!-- runScenario -->
</testsuite> <!-- Default test -->
