<?xml version="1.0" encoding="UTF-8"?>
<!-- Generated by org.testng.reporters.JUnitReportReporter -->
<testsuite hostname="DESKTOP-0OM6LBG" failures="0" tests="1" name="Cucumber.TestNGTestRunner" time="0.199" errors="1" timestamp="2024-03-15T23:07:58 IST" skipped="0">
  <testcase classname="Cucumber.TestNGTestRunner" name="runScenario" time="0.199">
    <error message="Cannot invoke &quot;Shopping.Website.PageObject.LoginPage.LoginApplication(String, String)&quot; because &quot;this.LoginPage&quot; is null" type="java.lang.NullPointerException">
      <![CDATA[java.lang.NullPointerException: Cannot invoke "Shopping.Website.PageObject.LoginPage.LoginApplication(String, String)" because "this.LoginPage" is null
at StepDefination.StepDefinationImp.logged_in_with_username_and_password(StepDefinationImp.java:31)
at ✽.logged in with username anshika@gmail.com and password Iamking@000(file:///C:/Users/Hp/eclipse-workspace/Website/src/test/java/cucumber/submtOrder.feature:10)
]]>
    </error>
  </testcase> <!-- runScenario -->
</testsuite> <!-- Cucumber.TestNGTestRunner -->
