<?xml version="1.0" encoding="UTF-8"?>
<testng-results ignored="0" total="1" passed="0" failed="1" skipped="0">
  <reporter-output>
  </reporter-output>
  <suite started-at="2024-03-15T23:07:56 IST" name="Default suite" finished-at="2024-03-15T23:07:57 IST" duration-ms="1722">
    <groups>
      <group name="cucumber">
        <method signature="AbstractTestNGCucumberTests.runScenario(io.cucumber.testng.PickleWrapper,io.cucumber.testng.FeatureWrapper)[pri:0, instance:Cucumber.TestNGTestRunner@3857f613]" name="runScenario" class="io.cucumber.testng.AbstractTestNGCucumberTests"/>
      </group> <!-- cucumber -->
    </groups>
    <test started-at="2024-03-15T23:07:56 IST" name="Default test" finished-at="2024-03-15T23:07:57 IST" duration-ms="1722">
      <class name="Cucumber.TestNGTestRunner">
        <test-method is-config="true" signature="setUpClass(org.testng.ITestContext)[pri:0, instance:Cucumber.TestNGTestRunner@3857f613]" started-at="2024-03-15T23:07:56 IST" name="setUpClass" finished-at="2024-03-15T23:07:57 IST" duration-ms="1358" status="PASS">
          <params>
            <param index="0">
              <value>
                <![CDATA[org.testng.TestRunner@1095f122]]>
              </value>
            </param>
          </params>
          <reporter-output>
          </reporter-output>
        </test-method> <!-- setUpClass -->
        <test-method signature="runScenario(io.cucumber.testng.PickleWrapper,io.cucumber.testng.FeatureWrapper)[pri:0, instance:Cucumber.TestNGTestRunner@3857f613]" started-at="2024-03-15T23:07:57 IST" name="runScenario" description="Runs Cucumber Scenarios" data-provider="scenarios" finished-at="2024-03-15T23:07:57 IST" duration-ms="199" status="FAIL">
          <params>
            <param index="0">
              <value>
                <![CDATA["Positive test of submitting the order"]]>
              </value>
            </param>
            <param index="1">
              <value>
                <![CDATA["Purchase the product from ecommerce website"]]>
              </value>
            </param>
          </params>
          <exception class="java.lang.NullPointerException">
            <message>
              <![CDATA[Cannot invoke "Shopping.Website.PageObject.LoginPage.LoginApplication(String, String)" because "this.LoginPage" is null]]>
            </message>
            <full-stacktrace>
              <![CDATA[java.lang.NullPointerException: Cannot invoke "Shopping.Website.PageObject.LoginPage.LoginApplication(String, String)" because "this.LoginPage" is null
at StepDefination.StepDefinationImp.logged_in_with_username_and_password(StepDefinationImp.java:31)
at ✽.logged in with username anshika@gmail.com and password Iamking@000(file:///C:/Users/Hp/eclipse-workspace/Website/src/test/java/cucumber/submtOrder.feature:10)
]]>
            </full-stacktrace>
          </exception> <!-- java.lang.NullPointerException -->
          <reporter-output>
          </reporter-output>
        </test-method> <!-- runScenario -->
        <test-method is-config="true" signature="tearDownClass()[pri:0, instance:Cucumber.TestNGTestRunner@3857f613]" started-at="2024-03-15T23:07:57 IST" name="tearDownClass" finished-at="2024-03-15T23:07:57 IST" duration-ms="72" status="PASS">
          <reporter-output>
          </reporter-output>
        </test-method> <!-- tearDownClass -->
      </class> <!-- Cucumber.TestNGTestRunner -->
    </test> <!-- Default test -->
  </suite> <!-- Default suite -->
</testng-results>
